INFO-2021-05-15 21:18:39,594-root-login ok
INFO-2021-05-15 21:19:52,015-root-login ok
INFO-2021-05-15 21:20:25,315-root-[['e', '4444,5555,1234', 'f', '12/8/2020', '20', '5000', '52', '84', 'j']]is created
INFO-2021-05-15 21:23:50,891-root-[['8', '4444,5555,1234', 'ghatar', '5/8/2020', '18:30', '2000000', '20', '50', 'tehran']]is created
INFO-2021-05-15 21:57:01,448-root-[['1', '4444,5555,1234', 'a', '9/3/2020', '18', '20000', '20', '50', 't']]is created
INFO-2021-05-15 23:26:11,631-root-1is created
INFO-2021-05-15 23:28:32,211-root-1is created
INFO-2021-05-15 23:36:06,943-root-1is created
INFO-2021-05-16 02:26:18,167-root-update file
INFO-2021-05-16 02:30:24,094-root-update file
INFO-2021-05-16 02:31:18,191-root-update file
ERROR-2021-05-16 02:38:16,871-root-show event
INFO-2021-05-16 02:40:22,364-root-update file
INFO-2021-05-18 13:09:27,110-root-update file
INFO-2021-05-18 13:10:21,103-root-update file
INFO-2021-05-18 13:11:53,083-root-update file
INFO-2021-05-18 13:13:03,743-root-update file
INFO-2021-05-18 13:16:25,543-root-update file
INFO-2021-05-18 13:18:01,673-root-update file
WARNING-2021-05-18 13:18:03,080-root-1is created
INFO-2021-05-18 13:18:31,852-root-update file
INFO-2021-05-18 13:19:39,492-root-update file
INFO-2021-05-18 13:20:28,439-root-update file
INFO-2021-05-18 13:21:01,790-root-update file
INFO-2021-05-18 13:21:51,102-root-update file
INFO-2021-05-18 13:26:06,989-root-update file
INFO-2021-05-18 13:26:38,663-root-update file
INFO-2021-05-18 13:29:50,729-root-update file
INFO-2021-05-18 13:31:38,939-root-update file
INFO-2021-05-18 13:32:41,149-root-update file
INFO-2021-05-18 13:33:26,163-root-update file
INFO-2021-05-18 13:35:08,232-root-update file
INFO-2021-05-18 13:38:40,782-root-update file
INFO-2021-05-18 13:40:05,259-root-update file
INFO-2021-05-18 22:39:53,204-root-update file
INFO-2021-05-18 22:43:41,733-root-update file
INFO-2021-05-18 22:44:25,183-root-update file
INFO-2021-05-18 22:46:15,663-root-update file
INFO-2021-05-18 22:47:38,144-root-update file
INFO-2021-05-18 22:59:37,133-root-update file
INFO-2021-05-18 23:04:34,913-root-update file
INFO-2021-05-18 23:06:06,566-root-update file
INFO-2021-05-18 23:09:13,393-root-update file
INFO-2021-05-18 23:11:01,446-root-update file
INFO-2021-05-19 20:08:32,480-root-update file
INFO-2021-05-19 20:08:55,260-root-update file
WARNING-2021-05-19 20:08:56,776-root-1is created
INFO-2021-05-22 10:59:39,706-root-register
INFO-2021-05-22 11:02:01,009-root-login ok
ERROR-2021-05-22 11:02:09,090-root-show event
INFO-2021-05-22 11:04:14,375-root-login ok
INFO-2021-05-22 11:04:40,025-root-update file
INFO-2021-05-22 15:02:34,679-root-register
INFO-2021-05-22 15:02:57,599-root-login ok
INFO-2021-05-22 15:09:14,539-root-login ok
INFO-2021-05-22 15:12:15,558-root-login ok
ERROR-2021-05-22 15:12:32,353-root-show event
INFO-2021-05-22 15:15:37,795-root-login ok
ERROR-2021-05-22 15:19:35,119-root-show event
INFO-2021-05-22 15:24:22,396-root-login ok
INFO-2021-05-22 15:25:35,578-root-register
INFO-2021-05-22 15:26:21,731-root-register
INFO-2021-05-22 15:27:40,319-root-register
INFO-2021-05-22 15:28:17,019-root-register
INFO-2021-05-22 15:28:35,440-root-login ok
INFO-2021-05-22 15:29:55,465-root-login ok
INFO-2021-05-22 15:33:59,008-root-login ok
INFO-2021-05-22 15:35:06,159-root-login ok
ERROR-2021-05-22 15:35:09,362-root-show event
INFO-2021-05-22 15:36:36,654-root-login ok
INFO-2021-05-22 15:36:46,669-root-update file
INFO-2021-05-22 15:39:20,974-root-login ok
INFO-2021-05-22 15:39:27,239-root-update file
WARNING-2021-05-22 15:39:29,864-root-1is created
INFO-2021-05-22 15:42:43,759-root-login ok
INFO-2021-05-22 15:42:53,367-root-update file
WARNING-2021-05-22 15:42:55,602-root-1is created
INFO-2021-05-22 15:43:20,616-root-login ok
INFO-2021-05-22 15:43:27,850-root-update file
